<?xml version="1.0" encoding="UTF-8"?>
<!-- Generated by org.testng.reporters.JUnitXMLReporter -->
<testsuite ignored="0" hostname="Nav" failures="0" tests="11" name="Default test" time="23.419" errors="0" timestamp="2022-12-12T12:59:41 EST">
  <testcase classname="com.NavjotSingh.TestingPurchase.TestingLogInFunctionality" name="validatingLoginFunctionality" time="0.784"/>
  <testcase classname="com.NavjotSingh.TestingPurchase.TestingLogInFunctionality" name="validatingPhonesAndPdaPage" time="0.92"/>
  <testcase classname="com.NavjotSingh.TestingPurchase.TestingLogInFunctionality" name="validatingHTCPage" time="1.226"/>
  <testcase classname="com.NavjotSingh.TestingPurchase.TestingLogInFunctionality" name="validatingProductAddedToCart" time="5.058"/>
  <testcase classname="com.NavjotSingh.TestingPurchase.TestingLogInFunctionality" name="validatingCheckoutPage" time="0.434"/>
  <testcase classname="com.NavjotSingh.TestingPurchase.TestingLogInFunctionality" name="validatingBillingDetails" time="0.425"/>
  <testcase classname="com.NavjotSingh.TestingPurchase.TestingLogInFunctionality" name="validatingDeliveryDetails" time="0.724"/>
  <testcase classname="com.NavjotSingh.TestingPurchase.TestingLogInFunctionality" name="validatingDeliveryMethod" time="0.774"/>
  <testcase classname="com.NavjotSingh.TestingPurchase.TestingLogInFunctionality" name="validatingPaymentMethod" time="3.879"/>
  <testcase classname="com.NavjotSingh.TestingPurchase.TestingLogInFunctionality" name="validatingConfirmOrder" time="3.076"/>
  <testcase classname="com.NavjotSingh.TestingPurchase.TestingLogInFunctionality" name="validatingOrderPlaced" time="0.02"/>
</testsuite> <!-- Default test -->
