<?xml version="1.0" encoding="UTF-8"?>
<testng-results ignored="0" total="1" passed="1" failed="0" skipped="0">
  <reporter-output>
  </reporter-output>
  <suite started-at="2022-12-20T16:58:42 EST" name="Default suite" finished-at="2022-12-20T16:58:48 EST" duration-ms="6701">
    <groups>
    </groups>
    <test started-at="2022-12-20T16:58:42 EST" name="Default test" finished-at="2022-12-20T16:58:48 EST" duration-ms="6701">
      <class name="com.NavjotSingh.AssignmentWeek16.ValidatingPurchase">
        <test-method is-config="true" signature="setUp()[pri:0, instance:com.NavjotSingh.AssignmentWeek16.ValidatingPurchase@4a7f959b]" started-at="2022-12-20T16:58:42 EST" name="setUp" finished-at="2022-12-20T16:58:45 EST" duration-ms="3547" status="PASS">
          <reporter-output>
          </reporter-output>
        </test-method> <!-- setUp -->
        <test-method signature="validatingPurchase()[pri:0, instance:com.NavjotSingh.AssignmentWeek16.ValidatingPurchase@4a7f959b]" started-at="2022-12-20T16:58:45 EST" name="validatingPurchase" finished-at="2022-12-20T16:58:48 EST" duration-ms="2950" status="PASS">
          <reporter-output>
          </reporter-output>
        </test-method> <!-- validatingPurchase -->
        <test-method is-config="true" signature="tearDown()[pri:0, instance:com.NavjotSingh.AssignmentWeek16.ValidatingPurchase@4a7f959b]" started-at="2022-12-20T16:58:48 EST" name="tearDown" finished-at="2022-12-20T16:58:48 EST" duration-ms="171" status="PASS">
          <reporter-output>
          </reporter-output>
        </test-method> <!-- tearDown -->
      </class> <!-- com.NavjotSingh.AssignmentWeek16.ValidatingPurchase -->
    </test> <!-- Default test -->
  </suite> <!-- Default suite -->
</testng-results>
